# JRE version: OpenJDK Runtime Environment Microsoft-8035246 (17.0.8+7) (build 17.0.8+7-LTS)
# Java VM: OpenJDK 64-Bit Server VM Microsoft-8035246 (17.0.8+7-LTS, mixed mode, sharing, tiered, compressed oops, compressed class ptrs, g1 gc, windows-amd64)
GC Precious Log:
 CPUs: 8 total, 8 available
 Memory: 16218M
 Large Page Support: Disabled
 NUMA Support: Disabled
 Compressed Oops: Enabled (32-bit)
 Heap Region Size: 1M
 Heap Min Capacity: 8M
 Heap Initial Capacity: 254M
 Heap Max Capacity: 2G
 Pre-touch: Disabled
 Parallel Workers: 8
 Concurrent Workers: 2
 Concurrent Refinement Workers: 8
 Periodic GC: Disabled
Heap:
 garbage-first heap   total 293888K, used 222807K [0x0000000080000000, 0x0000000100000000)
  region size 1024K, 13 young (13312K), 3 survivors (3072K)
 Metaspace       used 104023K, committed 105280K, reserved 557056K
  class space    used 14668K, committed 15232K, reserved 425984K
GC Heap History (20 events):
Event: 44.948 GC heap before
{Heap before GC invocations=45 (full 0):
 garbage-first heap   total 275456K, used 156349K [0x0000000080000000, 0x0000000100000000)
  region size 1024K, 13 young (13312K), 9 survivors (9216K)
 Metaspace       used 95273K, committed 96320K, reserved 557056K
  class space    used 13493K, committed 13952K, reserved 425984K
}
Event: 44.960 GC heap after
{Heap after GC invocations=46 (full 0):
 garbage-first heap   total 275456K, used 152820K [0x0000000080000000, 0x0000000100000000)
  region size 1024K, 2 young (2048K), 2 survivors (2048K)
 Metaspace       used 95273K, committed 96320K, reserved 557056K
  class space    used 13493K, committed 13952K, reserved 425984K
}
Event: 45.845 GC heap before
{Heap before GC invocations=46 (full 0):
 garbage-first heap   total 275456K, used 217332K [0x0000000080000000, 0x0000000100000000)
  region size 1024K, 66 young (67584K), 2 survivors (2048K)
 Metaspace       used 95472K, committed 96448K, reserved 557056K
  class space    used 13516K, committed 13952K, reserved 425984K
}
Event: 45.856 GC heap after
{Heap after GC invocations=47 (full 0):
 garbage-first heap   total 275456K, used 164241K [0x0000000080000000, 0x0000000100000000)
  region size 1024K, 9 young (9216K), 9 survivors (9216K)
 Metaspace       used 95472K, committed 96448K, reserved 557056K
  class space    used 13516K, committed 13952K, reserved 425984K
}
Event: 47.208 GC heap before
{Heap before GC invocations=48 (full 0):
 garbage-first heap   total 293888K, used 219537K [0x0000000080000000, 0x0000000100000000)
  region size 1024K, 63 young (64512K), 9 survivors (9216K)
 Metaspace       used 96359K, committed 97536K, reserved 557056K
  class space    used 13642K, committed 14144K, reserved 425984K
}
Event: 47.228 GC heap after
{Heap after GC invocations=49 (full 0):
 garbage-first heap   total 293888K, used 175960K [0x0000000080000000, 0x0000000100000000)
  region size 1024K, 8 young (8192K), 8 survivors (8192K)
 Metaspace       used 96359K, committed 97536K, reserved 557056K
  class space    used 13642K, committed 14144K, reserved 425984K
}
Event: 47.325 GC heap before
{Heap before GC invocations=49 (full 0):
 garbage-first heap   total 293888K, used 182104K [0x0000000080000000, 0x0000000100000000)
  region size 1024K, 14 young (14336K), 8 survivors (8192K)
 Metaspace       used 96448K, committed 97600K, reserved 557056K
  class space    used 13654K, committed 14144K, reserved 425984K
}
Event: 47.340 GC heap after
{Heap after GC invocations=50 (full 0):
 garbage-first heap   total 293888K, used 177060K [0x0000000080000000, 0x0000000100000000)
  region size 1024K, 2 young (2048K), 2 survivors (2048K)
 Metaspace       used 96448K, committed 97600K, reserved 557056K
  class space    used 13654K, committed 14144K, reserved 425984K
}
Event: 48.530 GC heap before
{Heap before GC invocations=50 (full 0):
 garbage-first heap   total 293888K, used 234404K [0x0000000080000000, 0x0000000100000000)
  region size 1024K, 58 young (59392K), 2 survivors (2048K)
 Metaspace       used 99289K, committed 100544K, reserved 557056K
  class space    used 14086K, committed 14656K, reserved 425984K
}
Event: 48.544 GC heap after
{Heap after GC invocations=51 (full 0):
 garbage-first heap   total 293888K, used 182769K [0x0000000080000000, 0x0000000100000000)
  region size 1024K, 8 young (8192K), 8 survivors (8192K)
 Metaspace       used 99289K, committed 100544K, reserved 557056K
  class space    used 14086K, committed 14656K, reserved 425984K
}
Event: 49.850 GC heap before
{Heap before GC invocations=51 (full 0):
 garbage-first heap   total 293888K, used 237041K [0x0000000080000000, 0x0000000100000000)
  region size 1024K, 61 young (62464K), 8 survivors (8192K)
 Metaspace       used 102131K, committed 103360K, reserved 557056K
  class space    used 14418K, committed 14976K, reserved 425984K
}
Event: 49.869 GC heap after
{Heap after GC invocations=52 (full 0):
 garbage-first heap   total 293888K, used 190027K [0x0000000080000000, 0x0000000100000000)
  region size 1024K, 8 young (8192K), 8 survivors (8192K)
 Metaspace       used 102131K, committed 103360K, reserved 557056K
  class space    used 14418K, committed 14976K, reserved 425984K
}
Event: 50.531 GC heap before
{Heap before GC invocations=52 (full 0):
 garbage-first heap   total 293888K, used 240203K [0x0000000080000000, 0x0000000100000000)
  region size 1024K, 57 young (58368K), 8 survivors (8192K)
 Metaspace       used 102388K, committed 103552K, reserved 557056K
  class space    used 14422K, committed 14976K, reserved 425984K
}
Event: 50.548 GC heap after
{Heap after GC invocations=53 (full 0):
 garbage-first heap   total 293888K, used 195078K [0x0000000080000000, 0x0000000100000000)
  region size 1024K, 5 young (5120K), 5 survivors (5120K)
 Metaspace       used 102388K, committed 103552K, reserved 557056K
  class space    used 14422K, committed 14976K, reserved 425984K
}
Event: 51.403 GC heap before
{Heap before GC invocations=53 (full 0):
 garbage-first heap   total 293888K, used 244230K [0x0000000080000000, 0x0000000100000000)
  region size 1024K, 53 young (54272K), 5 survivors (5120K)
 Metaspace       used 103378K, committed 104576K, reserved 557056K
  class space    used 14610K, committed 15168K, reserved 425984K
}
Event: 51.421 GC heap after
{Heap after GC invocations=54 (full 0):
 garbage-first heap   total 293888K, used 200445K [0x0000000080000000, 0x0000000100000000)
  region size 1024K, 6 young (6144K), 6 survivors (6144K)
 Metaspace       used 103378K, committed 104576K, reserved 557056K
  class space    used 14610K, committed 15168K, reserved 425984K
}
Event: 52.259 GC heap before
{Heap before GC invocations=54 (full 0):
 garbage-first heap   total 293888K, used 244477K [0x0000000080000000, 0x0000000100000000)
  region size 1024K, 50 young (51200K), 6 survivors (6144K)
 Metaspace       used 103898K, committed 105088K, reserved 557056K
  class space    used 14666K, committed 15232K, reserved 425984K
}
Event: 52.274 GC heap after
{Heap after GC invocations=55 (full 0):
 garbage-first heap   total 293888K, used 203827K [0x0000000080000000, 0x0000000100000000)
  region size 1024K, 4 young (4096K), 4 survivors (4096K)
 Metaspace       used 103898K, committed 105088K, reserved 557056K
  class space    used 14666K, committed 15232K, reserved 425984K
}
Event: 52.720 GC heap before
{Heap before GC invocations=55 (full 0):
 garbage-first heap   total 293888K, used 246835K [0x0000000080000000, 0x0000000100000000)
  region size 1024K, 47 young (48128K), 4 survivors (4096K)
 Metaspace       used 104000K, committed 105216K, reserved 557056K
  class space    used 14667K, committed 15232K, reserved 425984K
}
Event: 52.730 GC heap after
{Heap after GC invocations=56 (full 0):
 garbage-first heap   total 293888K, used 207316K [0x0000000080000000, 0x0000000100000000)
  region size 1024K, 6 young (6144K), 6 survivors (6144K)
 Metaspace       used 104000K, committed 105216K, reserved 557056K
  class space    used 14667K, committed 15232K, reserved 425984K
}

